<?xml version="1.0" encoding="UTF-8"?>
<testsuite xmlns:xsi="http://www.w3.org/2001/XMLSchema-instance" xsi:noNamespaceSchemaLocation="https://maven.apache.org/surefire/maven-surefire-plugin/xsd/surefire-test-report-3.0.xsd" version="3.0" name="com.axity.dinosaurpark.simulation.SimulationEngineTest" time="0.261" tests="2" errors="0" skipped="0" failures="0">
  <properties>
[...]
</properties>
  <testcase name="engineSimulation" classname="com.axity.dinosaurpark.simulation.SimulationEngineTest" time="0.086">
    <system-out><![CDATA[Database is up to date, no changesets to execute

UPDATE SUMMARY
Run:                          0
Previously run:               3
Filtered out:                 0
-------------------------------
Total change sets:            3

]]></system-out>
    <system-err><![CDATA[may 21, 2026 11:16:07 P. M. liquibase.database
INFORMACIÓN: Set default schema name to PUBLIC
may 21, 2026 11:16:07 P. M. liquibase.changelog
INFORMACIÓN: Reading from PUBLIC.DATABASECHANGELOG
may 21, 2026 11:16:07 P. M. liquibase.util
INFORMACIÓN: UPDATE SUMMARY
may 21, 2026 11:16:07 P. M. liquibase.util
INFORMACIÓN: Run:                          0
may 21, 2026 11:16:07 P. M. liquibase.util
INFORMACIÓN: Previously run:               3
may 21, 2026 11:16:07 P. M. liquibase.util
INFORMACIÓN: Filtered out:                 0
may 21, 2026 11:16:07 P. M. liquibase.util
INFORMACIÓN: -------------------------------
may 21, 2026 11:16:07 P. M. liquibase.util
INFORMACIÓN: Total change sets:            3
may 21, 2026 11:16:07 P. M. liquibase.util
INFORMACIÓN: Update summary generated
may 21, 2026 11:16:07 P. M. liquibase.command
INFORMACIÓN: Command execution complete
]]></system-err>
  </testcase>
  <testcase name="noOneInPark" classname="com.axity.dinosaurpark.simulation.SimulationEngineTest" time="0.174">
    <system-out><![CDATA[Database is up to date, no changesets to execute

UPDATE SUMMARY
Run:                          0
Previously run:               3
Filtered out:                 0
-------------------------------
Total change sets:            3

SOUVENIR VENDIDO
ENCLOUSERE_BASIC_VENDIDO
SPA VENDIDO
ENCLOUSERE_BASIC_VENDIDO
SPA VENDIDO
ENCLOUSERE_BASIC_VENDIDO
SOUVENIR VENDIDO
ENCLOUSERE_BASIC_VENDIDO
ENCLOUSERE_BASIC_VENDIDO
SPA VENDIDO
ENCLOUSERE_BASIC_VENDIDO
SOUVENIR VENDIDO
ENCLOUSERE_BASIC_VENDIDO
SOUVENIR VENDIDO
ENCLOUSERE_BASIC_VENDIDO
ENCLOUSERE_BASIC_VENDIDO
SPA VENDIDO
ENCLOUSERE_BASIC_VENDIDO
SOUVENIR VENDIDO
ENCLOUSERE_BASIC_VENDIDO
SOUVENIR VENDIDO
ENCLOUSERE_BASIC_VENDIDO
SOUVENIR VENDIDO
SPA VENDIDO
ENCLOUSERE_BASIC_VENDIDO
SPA VENDIDO
ENCLOUSERE_BASIC_VENDIDO
SOUVENIR VENDIDO
ENCLOUSERE_BASIC_VENDIDO
-------------------------------------
EVENTO EN EJECUCION HORA_DE_OFERTAS
-------------------------------------
SOUVENIR VENDIDO
SPA VENDIDO
ENCLOUSERE_BASIC_VENDIDO
SOUVENIR VENDIDO
ENCLOUSERE_BASIC_VENDIDO
SOUVENIR VENDIDO
ENCLOUSERE_BASIC_VENDIDO
SPA VENDIDO
ENCLOUSERE_BASIC_VENDIDO
SOUVENIR VENDIDO
ENCLOUSERE_BASIC_VENDIDO
____________________________________
| MONITOR - Step 4                 |
| 1. Turistas IN_PARK:   20        |
| 2. Dinosaurios en encierro:  20  |
| 3. Energia disponible:   94.0    |
| 4. Eventos activos:      0       |
| 5. Vehiculos no disponibles: 0   |
|__________________________________|
SOUVENIR VENDIDO
ENCLOUSERE_BASIC_VENDIDO
SOUVENIR VENDIDO
SPA VENDIDO
ENCLOUSERE_BASIC_VENDIDO
SOUVENIR VENDIDO
SPA VENDIDO
ENCLOUSERE_PREMIUM_VENDIDO
SOUVENIR VENDIDO
ENCLOUSERE_BASIC_VENDIDO
SOUVENIR VENDIDO
ENCLOUSERE_BASIC_VENDIDO
---------------------------------------
EVENTO EN EJECUCION TORMENTA_TORRENCIAL
---------------------------------------
SOUVENIR VENDIDO
ENCLOUSERE_BASIC_VENDIDO
SPA VENDIDO
ENCLOUSERE_BASIC_VENDIDO
SOUVENIR VENDIDO
ENCLOUSERE_BASIC_VENDIDO
SOUVENIR VENDIDO
SPA VENDIDO
ENCLOUSERE_BASIC_VENDIDO
SOUVENIR VENDIDO
SPA VENDIDO
ENCLOUSERE_BASIC_VENDIDO
SOUVENIR VENDIDO
ENCLOUSERE_BASIC_VENDIDO
SOUVENIR VENDIDO
ENCLOUSERE_BASIC_VENDIDO
SOUVENIR VENDIDO
ENCLOUSERE_BASIC_VENDIDO
SOUVENIR VENDIDO
SPA VENDIDO
ENCLOUSERE_BASIC_VENDIDO
SOUVENIR VENDIDO
ENCLOUSERE_BASIC_VENDIDO
ENCLOUSERE_BASIC_VENDIDO
SPA VENDIDO
ENCLOUSERE_BASIC_VENDIDO
ENCLOUSERE_BASIC_VENDIDO
SOUVENIR VENDIDO
ENCLOUSERE_BASIC_VENDIDO
SOUVENIR VENDIDO
ENCLOUSERE_BASIC_VENDIDO
____________________________________
| MONITOR - Step 8                 |
| 1. Turistas IN_PARK:   15        |
| 2. Dinosaurios en encierro:  20  |
| 3. Energia disponible:   88.0    |
| 4. Eventos activos:      0       |
| 5. Vehiculos no disponibles: 0   |
|__________________________________|
SOUVENIR VENDIDO
ENCLOUSERE_BASIC_VENDIDO
SOUVENIR VENDIDO
SPA VENDIDO
ENCLOUSERE_BASIC_VENDIDO
ENCLOUSERE_BASIC_VENDIDO
SOUVENIR VENDIDO
SPA VENDIDO
ENCLOUSERE_BASIC_VENDIDO
ENCLOUSERE_BASIC_VENDIDO
-------------------------------------
EVENTO EN EJECUCION HORA_DE_OFERTAS
-------------------------------------
----------------------------------------
EVENTO EN EJECUCION FALLA_VEHICULE
----------------------------------------
SOUVENIR VENDIDO
ENCLOUSERE_BASIC_VENDIDO
ENCLOUSERE_BASIC_VENDIDO
SOUVENIR VENDIDO
ENCLOUSERE_BASIC_VENDIDO
ENCLOUSERE_BASIC_VENDIDO
SOUVENIR VENDIDO
ENCLOUSERE_BASIC_VENDIDO
SOUVENIR VENDIDO
SPA VENDIDO
ENCLOUSERE_BASIC_VENDIDO
SOUVENIR VENDIDO
ENCLOUSERE_BASIC_VENDIDO
SOUVENIR VENDIDO
ENCLOUSERE_BASIC_VENDIDO
SOUVENIR VENDIDO
ENCLOUSERE_BASIC_VENDIDO
ENCLOUSERE_BASIC_VENDIDO
SOUVENIR VENDIDO
ENCLOUSERE_BASIC_VENDIDO
ENCLOUSERE_BASIC_VENDIDO
ENCLOUSERE_BASIC_VENDIDO
SOUVENIR VENDIDO
ENCLOUSERE_BASIC_VENDIDO
SOUVENIR VENDIDO
ENCLOUSERE_BASIC_VENDIDO
____________________________________
| MONITOR - Step 12                |
| 1. Turistas IN_PARK:   35        |
| 2. Dinosaurios en encierro:  20  |
| 3. Energia disponible:   82.0    |
| 4. Eventos activos:      0       |
| 5. Vehiculos no disponibles: 0   |
|__________________________________|
SOUVENIR VENDIDO
ENCLOUSERE_BASIC_VENDIDO
SOUVENIR VENDIDO
ENCLOUSERE_BASIC_VENDIDO
SOUVENIR VENDIDO
ENCLOUSERE_BASIC_VENDIDO
SOUVENIR VENDIDO
ENCLOUSERE_BASIC_VENDIDO
SOUVENIR VENDIDO
ENCLOUSERE_BASIC_VENDIDO
-------------------------------------
EVENTO EN EJECUCION HORA_DE_OFERTAS
-------------------------------------
SOUVENIR VENDIDO
ENCLOUSERE_BASIC_VENDIDO
SOUVENIR VENDIDO
SPA VENDIDO
ENCLOUSERE_BASIC_VENDIDO
ENCLOUSERE_BASIC_VENDIDO
SPA VENDIDO
ENCLOUSERE_BASIC_VENDIDO
ENCLOUSERE_BASIC_VENDIDO
ENCLOUSERE_BASIC_VENDIDO
ENCLOUSERE_VIP_VENDIDO
SOUVENIR VENDIDO
ENCLOUSERE_BASIC_VENDIDO
SOUVENIR VENDIDO
SPA VENDIDO
ENCLOUSERE_BASIC_VENDIDO
SOUVENIR VENDIDO
SPA VENDIDO
ENCLOUSERE_BASIC_VENDIDO
---------------------------------------
EVENTO EN EJECUCION ESCAPE_DINOSAURIO
---------------------------------------
SOUVENIR VENDIDO
ENCLOUSERE_BASIC_VENDIDO
SOUVENIR VENDIDO
ENCLOUSERE_BASIC_VENDIDO
SOUVENIR VENDIDO
ENCLOUSERE_BASIC_VENDIDO
ENCLOUSERE_BASIC_VENDIDO
SPA VENDIDO
ENCLOUSERE_BASIC_VENDIDO
____________________________________
| MONITOR - Step 16                |
| 1. Turistas IN_PARK:   54        |
| 2. Dinosaurios en encierro:  19  |
| 3. Energia disponible:   76.0    |
| 4. Eventos activos:      0       |
| 5. Vehiculos no disponibles: 0   |
|__________________________________|
SOUVENIR VENDIDO
ENCLOUSERE_BASIC_VENDIDO
SOUVENIR VENDIDO
ENCLOUSERE_BASIC_VENDIDO
SOUVENIR VENDIDO
ENCLOUSERE_BASIC_VENDIDO
SPA VENDIDO
ENCLOUSERE_BASIC_VENDIDO
SOUVENIR VENDIDO
ENCLOUSERE_BASIC_VENDIDO
SOUVENIR VENDIDO
ENCLOUSERE_VIP_VENDIDO
SPA VENDIDO
ENCLOUSERE_BASIC_VENDIDO
ENCLOUSERE_BASIC_VENDIDO
SOUVENIR VENDIDO
ENCLOUSERE_BASIC_VENDIDO
SOUVENIR VENDIDO
ENCLOUSERE_BASIC_VENDIDO
SOUVENIR VENDIDO
ENCLOUSERE_BASIC_VENDIDO
SOUVENIR VENDIDO
ENCLOUSERE_BASIC_VENDIDO
SOUVENIR VENDIDO
ENCLOUSERE_BASIC_VENDIDO
SOUVENIR VENDIDO
ENCLOUSERE_BASIC_VENDIDO
ENCLOUSERE_BASIC_VENDIDO
SOUVENIR VENDIDO
ENCLOUSERE_BASIC_VENDIDO
SOUVENIR VENDIDO
SPA VENDIDO
ENCLOUSERE_BASIC_VENDIDO
ENCLOUSERE_BASIC_VENDIDO
SPA VENDIDO
ENCLOUSERE_BASIC_VENDIDO
ENCLOUSERE_BASIC_VENDIDO
____________________________________
| MONITOR - Step 20                |
| 1. Turistas IN_PARK:   74        |
| 2. Dinosaurios en encierro:  19  |
| 3. Energia disponible:   70.0    |
| 4. Eventos activos:      0       |
| 5. Vehiculos no disponibles: 0   |
|__________________________________|
SOUVENIR VENDIDO
ENCLOUSERE_BASIC_VENDIDO
SOUVENIR VENDIDO
ENCLOUSERE_BASIC_VENDIDO
SOUVENIR VENDIDO
SPA VENDIDO
ENCLOUSERE_BASIC_VENDIDO
SOUVENIR VENDIDO
ENCLOUSERE_BASIC_VENDIDO
SOUVENIR VENDIDO
ENCLOUSERE_BASIC_VENDIDO
SOUVENIR VENDIDO
ENCLOUSERE_BASIC_VENDIDO
SOUVENIR VENDIDO
ENCLOUSERE_VIP_VENDIDO
ENCLOUSERE_BASIC_VENDIDO
SOUVENIR VENDIDO
ENCLOUSERE_BASIC_VENDIDO
SPA VENDIDO
ENCLOUSERE_BASIC_VENDIDO
SPA VENDIDO
ENCLOUSERE_BASIC_VENDIDO
SPA VENDIDO
ENCLOUSERE_BASIC_VENDIDO
SOUVENIR VENDIDO
SPA VENDIDO
ENCLOUSERE_BASIC_VENDIDO
SOUVENIR VENDIDO
ENCLOUSERE_BASIC_VENDIDO
SOUVENIR VENDIDO
SPA VENDIDO
ENCLOUSERE_BASIC_VENDIDO
ENCLOUSERE_BASIC_VENDIDO
SOUVENIR VENDIDO
ENCLOUSERE_BASIC_VENDIDO
SOUVENIR VENDIDO
ENCLOUSERE_BASIC_VENDIDO
SOUVENIR VENDIDO
SPA VENDIDO
ENCLOUSERE_BASIC_VENDIDO
SOUVENIR VENDIDO
ENCLOUSERE_BASIC_VENDIDO
____________________________________
| MONITOR - Step 24                |
| 1. Turistas IN_PARK:   94        |
| 2. Dinosaurios en encierro:  19  |
| 3. Energia disponible:   64.0    |
| 4. Eventos activos:      0       |
| 5. Vehiculos no disponibles: 0   |
|__________________________________|
SOUVENIR VENDIDO
ENCLOUSERE_BASIC_VENDIDO
ENCLOUSERE_PREMIUM_VENDIDO
SOUVENIR VENDIDO
ENCLOUSERE_BASIC_VENDIDO
SOUVENIR VENDIDO
ENCLOUSERE_BASIC_VENDIDO
SOUVENIR VENDIDO
SPA VENDIDO
ENCLOUSERE_BASIC_VENDIDO
SPA VENDIDO
ENCLOUSERE_BASIC_VENDIDO
ENCLOUSERE_PREMIUM_VENDIDO
SOUVENIR VENDIDO
SPA VENDIDO
ENCLOUSERE_BASIC_VENDIDO
SOUVENIR VENDIDO
SPA VENDIDO
ENCLOUSERE_BASIC_VENDIDO
SOUVENIR VENDIDO
SPA VENDIDO
ENCLOUSERE_BASIC_VENDIDO
SPA VENDIDO
ENCLOUSERE_BASIC_VENDIDO
SOUVENIR VENDIDO
ENCLOUSERE_BASIC_VENDIDO
ENCLOUSERE_BASIC_VENDIDO
SOUVENIR VENDIDO
ENCLOUSERE_BASIC_VENDIDO
SOUVENIR VENDIDO
ENCLOUSERE_BASIC_VENDIDO
SOUVENIR VENDIDO
ENCLOUSERE_BASIC_VENDIDO
ENCLOUSERE_BASIC_VENDIDO
SPA VENDIDO
ENCLOUSERE_BASIC_VENDIDO
ENCLOUSERE_BASIC_VENDIDO
SOUVENIR VENDIDO
ENCLOUSERE_BASIC_VENDIDO
____________________________________
| MONITOR - Step 28                |
| 1. Turistas IN_PARK:   114       |
| 2. Dinosaurios en encierro:  19  |
| 3. Energia disponible:   58.0    |
| 4. Eventos activos:      0       |
| 5. Vehiculos no disponibles: 0   |
|__________________________________|
SOUVENIR VENDIDO
ENCLOUSERE_BASIC_VENDIDO
ENCLOUSERE_PREMIUM_VENDIDO
SOUVENIR VENDIDO
ENCLOUSERE_BASIC_VENDIDO
SOUVENIR VENDIDO
SPA VENDIDO
ENCLOUSERE_VIP_VENDIDO
ENCLOUSERE_BASIC_VENDIDO
SOUVENIR VENDIDO
ENCLOUSERE_BASIC_VENDIDO
ENCLOUSERE_BASIC_VENDIDO
SOUVENIR VENDIDO
ENCLOUSERE_BASIC_VENDIDO
ENCLOUSERE_BASIC_VENDIDO
SOUVENIR VENDIDO
ENCLOUSERE_PREMIUM_VENDIDO
=====================================
       RESUMEN GENERAL DEL DIA     
=====================================
____________________________________
| RESUMEN FINAL - Step 30          |
| 1. Gastos operativos: $ 1500.0   |
| 2. Ventas realizadas: $ 7894.5   |
| 3. Ganancias del dia: $ 6394.5   |
| 4. Eventos generados:  6         |
|__________________________________|
]]></system-out>
    <system-err><![CDATA[may 21, 2026 11:16:07 P. M. liquibase.database
INFORMACIÓN: Set default schema name to PUBLIC
may 21, 2026 11:16:07 P. M. liquibase.changelog
INFORMACIÓN: Reading from PUBLIC.DATABASECHANGELOG
may 21, 2026 11:16:07 P. M. liquibase.util
INFORMACIÓN: UPDATE SUMMARY
may 21, 2026 11:16:07 P. M. liquibase.util
INFORMACIÓN: Run:                          0
may 21, 2026 11:16:07 P. M. liquibase.util
INFORMACIÓN: Previously run:               3
may 21, 2026 11:16:07 P. M. liquibase.util
INFORMACIÓN: Filtered out:                 0
may 21, 2026 11:16:07 P. M. liquibase.util
INFORMACIÓN: -------------------------------
may 21, 2026 11:16:07 P. M. liquibase.util
INFORMACIÓN: Total change sets:            3
may 21, 2026 11:16:07 P. M. liquibase.util
INFORMACIÓN: Update summary generated
may 21, 2026 11:16:07 P. M. liquibase.command
INFORMACIÓN: Command execution complete
]]></system-err>
  </testcase>
</testsuite>